{
"/Users/michelmachado/Documents/WebStormProjects/zipcode-br/src/index.js":{"path":"/Users/michelmachado/Documents/WebStormProjects/zipcode-br/src/index.js","s":{"1":1,"2":1,"3":1,"4":1,"5":1,"6":1,"7":1,"8":1,"9":1,"10":1,"11":1,"12":1,"13":1,"14":1,"15":1,"16":1,"17":3,"18":3,"19":2,"20":2,"21":1,"22":1,"23":1,"24":1,"25":1,"26":1,"27":3,"28":3,"29":2,"30":4,"31":2,"32":2,"33":0,"34":2,"35":2,"36":2,"37":2,"38":1,"39":0,"40":0,"41":0,"42":0,"43":0,"44":0,"45":0,"46":0,"47":0,"48":0,"49":0,"50":0,"51":0,"52":0,"53":0,"54":0,"55":0,"56":0,"57":0,"58":0,"59":0,"60":0,"61":0,"62":0,"63":0,"64":0,"65":0,"66":0,"67":0,"68":0,"69":0,"70":0,"71":0,"72":0,"73":0,"74":0,"75":0,"76":1},"b":{"1":[1,0],"2":[1,0],"3":[1,0,0],"4":[2,1],"5":[2,1],"6":[2,2],"7":[0,2],"8":[0,0],"9":[0,0],"10":[0,0],"11":[0,0],"12":[0,0],"13":[0,0]},"f":{"1":1,"2":1,"3":3,"4":1,"5":3,"6":0,"7":0,"8":0,"9":0},"fnMap":{"1":{"name":"(anonymous_1)","line":8,"loc":{"start":{"line":8,"column":16},"end":{"line":8,"column":32}}},"2":{"name":"(anonymous_2)","line":19,"loc":{"start":{"line":19,"column":33},"end":{"line":19,"column":49}}},"3":{"name":"(anonymous_3)","line":28,"loc":{"start":{"line":28,"column":30},"end":{"line":28,"column":46}}},"4":{"name":"(anonymous_4)","line":46,"loc":{"start":{"line":46,"column":34},"end":{"line":46,"column":50}}},"5":{"name":"(anonymous_5)","line":55,"loc":{"start":{"line":55,"column":30},"end":{"line":55,"column":46}}},"6":{"name":"(anonymous_6)","line":92,"loc":{"start":{"line":92,"column":33},"end":{"line":92,"column":49}}},"7":{"name":"(anonymous_7)","line":101,"loc":{"start":{"line":101,"column":30},"end":{"line":101,"column":46}}},"8":{"name":"(anonymous_8)","line":121,"loc":{"start":{"line":121,"column":34},"end":{"line":121,"column":50}}},"9":{"name":"(anonymous_9)","line":130,"loc":{"start":{"line":130,"column":30},"end":{"line":130,"column":46}}}},"statementMap":{"1":{"start":{"line":3,"column":0},"end":{"line":3,"column":23}},"2":{"start":{"line":4,"column":0},"end":{"line":4,"column":22}},"3":{"start":{"line":5,"column":0},"end":{"line":5,"column":21}},"4":{"start":{"line":6,"column":0},"end":{"line":6,"column":30}},"5":{"start":{"line":8,"column":0},"end":{"line":177,"column":2}},"6":{"start":{"line":10,"column":4},"end":{"line":12,"column":5}},"7":{"start":{"line":11,"column":8},"end":{"line":11,"column":38}},"8":{"start":{"line":13,"column":4},"end":{"line":15,"column":5}},"9":{"start":{"line":14,"column":8},"end":{"line":14,"column":40}},"10":{"start":{"line":17,"column":4},"end":{"line":173,"column":5}},"11":{"start":{"line":19,"column":12},"end":{"line":44,"column":15}},"12":{"start":{"line":21,"column":16},"end":{"line":21,"column":60}},"13":{"start":{"line":23,"column":16},"end":{"line":23,"column":46}},"14":{"start":{"line":24,"column":16},"end":{"line":24,"column":41}},"15":{"start":{"line":26,"column":16},"end":{"line":26,"column":45}},"16":{"start":{"line":28,"column":16},"end":{"line":41,"column":19}},"17":{"start":{"line":29,"column":20},"end":{"line":29,"column":48}},"18":{"start":{"line":31,"column":20},"end":{"line":39,"column":21}},"19":{"start":{"line":32,"column":24},"end":{"line":37,"column":26}},"20":{"start":{"line":38,"column":24},"end":{"line":38,"column":50}},"21":{"start":{"line":46,"column":12},"end":{"line":88,"column":15}},"22":{"start":{"line":47,"column":16},"end":{"line":47,"column":60}},"23":{"start":{"line":50,"column":16},"end":{"line":50,"column":46}},"24":{"start":{"line":51,"column":16},"end":{"line":51,"column":41}},"25":{"start":{"line":53,"column":16},"end":{"line":53,"column":45}},"26":{"start":{"line":55,"column":16},"end":{"line":86,"column":19}},"27":{"start":{"line":56,"column":20},"end":{"line":56,"column":48}},"28":{"start":{"line":58,"column":20},"end":{"line":83,"column":21}},"29":{"start":{"line":60,"column":24},"end":{"line":64,"column":25}},"30":{"start":{"line":61,"column":28},"end":{"line":63,"column":29}},"31":{"start":{"line":62,"column":32},"end":{"line":62,"column":66}},"32":{"start":{"line":65,"column":24},"end":{"line":67,"column":25}},"33":{"start":{"line":66,"column":28},"end":{"line":66,"column":92}},"34":{"start":{"line":69,"column":24},"end":{"line":80,"column":25}},"35":{"start":{"line":70,"column":28},"end":{"line":77,"column":30}},"36":{"start":{"line":79,"column":28},"end":{"line":79,"column":62}},"37":{"start":{"line":81,"column":24},"end":{"line":81,"column":41}},"38":{"start":{"line":89,"column":12},"end":{"line":89,"column":18}},"39":{"start":{"line":92,"column":12},"end":{"line":119,"column":15}},"40":{"start":{"line":94,"column":16},"end":{"line":94,"column":60}},"41":{"start":{"line":96,"column":16},"end":{"line":96,"column":46}},"42":{"start":{"line":97,"column":16},"end":{"line":97,"column":41}},"43":{"start":{"line":99,"column":16},"end":{"line":99,"column":45}},"44":{"start":{"line":101,"column":16},"end":{"line":116,"column":19}},"45":{"start":{"line":102,"column":20},"end":{"line":102,"column":56}},"46":{"start":{"line":103,"column":20},"end":{"line":103,"column":62}},"47":{"start":{"line":104,"column":20},"end":{"line":104,"column":63}},"48":{"start":{"line":105,"column":20},"end":{"line":105,"column":53}},"49":{"start":{"line":106,"column":20},"end":{"line":114,"column":21}},"50":{"start":{"line":107,"column":24},"end":{"line":112,"column":26}},"51":{"start":{"line":113,"column":24},"end":{"line":113,"column":50}},"52":{"start":{"line":121,"column":12},"end":{"line":168,"column":15}},"53":{"start":{"line":122,"column":16},"end":{"line":122,"column":60}},"54":{"start":{"line":125,"column":16},"end":{"line":125,"column":46}},"55":{"start":{"line":126,"column":16},"end":{"line":126,"column":41}},"56":{"start":{"line":128,"column":16},"end":{"line":128,"column":45}},"57":{"start":{"line":130,"column":16},"end":{"line":166,"column":19}},"58":{"start":{"line":131,"column":20},"end":{"line":131,"column":56}},"59":{"start":{"line":132,"column":20},"end":{"line":132,"column":54}},"60":{"start":{"line":133,"column":20},"end":{"line":133,"column":55}},"61":{"start":{"line":134,"column":20},"end":{"line":134,"column":43}},"62":{"start":{"line":135,"column":20},"end":{"line":135,"column":58}},"63":{"start":{"line":136,"column":20},"end":{"line":136,"column":53}},"64":{"start":{"line":137,"column":20},"end":{"line":163,"column":21}},"65":{"start":{"line":139,"column":24},"end":{"line":143,"column":25}},"66":{"start":{"line":140,"column":28},"end":{"line":142,"column":29}},"67":{"start":{"line":141,"column":32},"end":{"line":141,"column":66}},"68":{"start":{"line":144,"column":24},"end":{"line":146,"column":25}},"69":{"start":{"line":145,"column":28},"end":{"line":145,"column":90}},"70":{"start":{"line":148,"column":24},"end":{"line":160,"column":25}},"71":{"start":{"line":150,"column":28},"end":{"line":157,"column":30}},"72":{"start":{"line":159,"column":28},"end":{"line":159,"column":62}},"73":{"start":{"line":161,"column":24},"end":{"line":161,"column":41}},"74":{"start":{"line":169,"column":12},"end":{"line":169,"column":18}},"75":{"start":{"line":171,"column":12},"end":{"line":171,"column":117}},"76":{"start":{"line":175,"column":4},"end":{"line":175,"column":32}}},"branchMap":{"1":{"line":10,"type":"if","locations":[{"start":{"line":10,"column":4},"end":{"line":10,"column":4}},{"start":{"line":10,"column":4},"end":{"line":10,"column":4}}]},"2":{"line":13,"type":"if","locations":[{"start":{"line":13,"column":4},"end":{"line":13,"column":4}},{"start":{"line":13,"column":4},"end":{"line":13,"column":4}}]},"3":{"line":17,"type":"switch","locations":[{"start":{"line":18,"column":8},"end":{"line":89,"column":18}},{"start":{"line":90,"column":8},"end":{"line":169,"column":18}},{"start":{"line":170,"column":8},"end":{"line":171,"column":117}}]},"4":{"line":31,"type":"if","locations":[{"start":{"line":31,"column":20},"end":{"line":31,"column":20}},{"start":{"line":31,"column":20},"end":{"line":31,"column":20}}]},"5":{"line":58,"type":"if","locations":[{"start":{"line":58,"column":20},"end":{"line":58,"column":20}},{"start":{"line":58,"column":20},"end":{"line":58,"column":20}}]},"6":{"line":61,"type":"if","locations":[{"start":{"line":61,"column":28},"end":{"line":61,"column":28}},{"start":{"line":61,"column":28},"end":{"line":61,"column":28}}]},"7":{"line":65,"type":"if","locations":[{"start":{"line":65,"column":24},"end":{"line":65,"column":24}},{"start":{"line":65,"column":24},"end":{"line":65,"column":24}}]},"8":{"line":106,"type":"if","locations":[{"start":{"line":106,"column":20},"end":{"line":106,"column":20}},{"start":{"line":106,"column":20},"end":{"line":106,"column":20}}]},"9":{"line":106,"type":"binary-expr","locations":[{"start":{"line":106,"column":24},"end":{"line":106,"column":43}},{"start":{"line":106,"column":47},"end":{"line":106,"column":61}}]},"10":{"line":137,"type":"if","locations":[{"start":{"line":137,"column":20},"end":{"line":137,"column":20}},{"start":{"line":137,"column":20},"end":{"line":137,"column":20}}]},"11":{"line":137,"type":"binary-expr","locations":[{"start":{"line":137,"column":24},"end":{"line":137,"column":43}},{"start":{"line":137,"column":47},"end":{"line":137,"column":61}}]},"12":{"line":140,"type":"if","locations":[{"start":{"line":140,"column":28},"end":{"line":140,"column":28}},{"start":{"line":140,"column":28},"end":{"line":140,"column":28}}]},"13":{"line":144,"type":"if","locations":[{"start":{"line":144,"column":24},"end":{"line":144,"column":24}},{"start":{"line":144,"column":24},"end":{"line":144,"column":24}}]}},"l":{"3":1,"4":1,"5":1,"6":1,"8":1,"10":1,"11":1,"13":1,"14":1,"17":1,"19":1,"21":1,"23":1,"24":1,"26":1,"28":1,"29":3,"31":3,"32":2,"38":2,"46":1,"47":1,"50":1,"51":1,"53":1,"55":1,"56":3,"58":3,"60":2,"61":4,"62":2,"65":2,"66":0,"69":2,"70":2,"79":2,"81":2,"89":1,"92":0,"94":0,"96":0,"97":0,"99":0,"101":0,"102":0,"103":0,"104":0,"105":0,"106":0,"107":0,"113":0,"121":0,"122":0,"125":0,"126":0,"128":0,"130":0,"131":0,"132":0,"133":0,"134":0,"135":0,"136":0,"137":0,"139":0,"140":0,"141":0,"144":0,"145":0,"148":0,"150":0,"159":0,"161":0,"169":0,"171":0,"175":1}}}
