TN:
SF:/Users/michelmachado/Documents/WebStormProjects/zipcode-br/src/index.js
FN:8,(anonymous_1)
FN:19,(anonymous_2)
FN:28,(anonymous_3)
FN:46,(anonymous_4)
FN:55,(anonymous_5)
FN:92,(anonymous_6)
FN:101,(anonymous_7)
FN:121,(anonymous_8)
FN:130,(anonymous_9)
FNF:9
FNH:5
FNDA:1,(anonymous_1)
FNDA:1,(anonymous_2)
FNDA:3,(anonymous_3)
FNDA:1,(anonymous_4)
FNDA:3,(anonymous_5)
FNDA:0,(anonymous_6)
FNDA:0,(anonymous_7)
FNDA:0,(anonymous_8)
FNDA:0,(anonymous_9)
DA:3,1
DA:4,1
DA:5,1
DA:6,1
DA:8,1
DA:10,1
DA:11,1
DA:13,1
DA:14,1
DA:17,1
DA:19,1
DA:21,1
DA:23,1
DA:24,1
DA:26,1
DA:28,1
DA:29,3
DA:31,3
DA:32,2
DA:38,2
DA:46,1
DA:47,1
DA:50,1
DA:51,1
DA:53,1
DA:55,1
DA:56,3
DA:58,3
DA:60,2
DA:61,4
DA:62,2
DA:65,2
DA:66,0
DA:69,2
DA:70,2
DA:79,2
DA:81,2
DA:89,1
DA:92,0
DA:94,0
DA:96,0
DA:97,0
DA:99,0
DA:101,0
DA:102,0
DA:103,0
DA:104,0
DA:105,0
DA:106,0
DA:107,0
DA:113,0
DA:121,0
DA:122,0
DA:125,0
DA:126,0
DA:128,0
DA:130,0
DA:131,0
DA:132,0
DA:133,0
DA:134,0
DA:135,0
DA:136,0
DA:137,0
DA:139,0
DA:140,0
DA:141,0
DA:144,0
DA:145,0
DA:148,0
DA:150,0
DA:159,0
DA:161,0
DA:169,0
DA:171,0
DA:175,1
LF:76
LH:38
BRDA:10,1,0,1
BRDA:10,1,1,0
BRDA:13,2,0,1
BRDA:13,2,1,0
BRDA:17,3,0,1
BRDA:17,3,1,0
BRDA:17,3,2,0
BRDA:31,4,0,2
BRDA:31,4,1,1
BRDA:58,5,0,2
BRDA:58,5,1,1
BRDA:61,6,0,2
BRDA:61,6,1,2
BRDA:65,7,0,0
BRDA:65,7,1,2
BRDA:106,8,0,0
BRDA:106,8,1,0
BRDA:106,9,0,0
BRDA:106,9,1,0
BRDA:137,10,0,0
BRDA:137,10,1,0
BRDA:137,11,0,0
BRDA:137,11,1,0
BRDA:140,12,0,0
BRDA:140,12,1,0
BRDA:144,13,0,0
BRDA:144,13,1,0
BRF:27
BRH:10
end_of_record
