TN:
SF:/Users/michelmachado/Documents/WebStormProjects/zipcode-br/src/index.js
FN:8,(anonymous_1)
FN:19,(anonymous_2)
FN:28,(anonymous_3)
FN:46,(anonymous_4)
FN:55,(anonymous_5)
FN:92,(anonymous_6)
FN:101,(anonymous_7)
FN:121,(anonymous_8)
FN:130,(anonymous_9)
FNF:9
FNH:9
FNDA:2,(anonymous_1)
FNDA:1,(anonymous_2)
FNDA:3,(anonymous_3)
FNDA:1,(anonymous_4)
FNDA:3,(anonymous_5)
FNDA:1,(anonymous_6)
FNDA:6,(anonymous_7)
FNDA:1,(anonymous_8)
FNDA:5,(anonymous_9)
DA:3,1
DA:4,1
DA:5,1
DA:6,1
DA:8,1
DA:10,2
DA:11,2
DA:13,2
DA:14,2
DA:17,2
DA:19,1
DA:21,1
DA:23,1
DA:24,1
DA:26,1
DA:28,1
DA:29,3
DA:31,3
DA:32,2
DA:38,2
DA:46,1
DA:47,1
DA:50,1
DA:51,1
DA:53,1
DA:55,1
DA:56,3
DA:58,3
DA:60,2
DA:61,4
DA:62,2
DA:65,2
DA:66,0
DA:69,2
DA:70,2
DA:79,2
DA:81,2
DA:89,1
DA:92,1
DA:94,1
DA:96,1
DA:97,1
DA:99,1
DA:101,1
DA:102,6
DA:103,6
DA:104,6
DA:105,6
DA:106,6
DA:107,3
DA:113,3
DA:121,1
DA:122,1
DA:125,1
DA:126,1
DA:128,1
DA:130,1
DA:131,5
DA:132,5
DA:133,5
DA:134,5
DA:135,5
DA:136,5
DA:137,5
DA:139,2
DA:140,10
DA:141,3
DA:144,2
DA:145,0
DA:148,2
DA:150,3
DA:159,3
DA:161,2
DA:169,1
DA:171,0
DA:175,2
LF:76
LH:73
BRDA:10,1,0,2
BRDA:10,1,1,0
BRDA:13,2,0,2
BRDA:13,2,1,0
BRDA:17,3,0,1
BRDA:17,3,1,1
BRDA:17,3,2,0
BRDA:31,4,0,2
BRDA:31,4,1,1
BRDA:58,5,0,2
BRDA:58,5,1,1
BRDA:61,6,0,2
BRDA:61,6,1,2
BRDA:65,7,0,0
BRDA:65,7,1,2
BRDA:106,8,0,3
BRDA:106,8,1,3
BRDA:106,9,0,6
BRDA:106,9,1,6
BRDA:137,10,0,2
BRDA:137,10,1,3
BRDA:137,11,0,5
BRDA:137,11,1,5
BRDA:140,12,0,3
BRDA:140,12,1,7
BRDA:144,13,0,0
BRDA:144,13,1,2
BRF:27
BRH:22
end_of_record
